<?xml version="1.0" encoding="UTF-8"?>
<!-- Generated by org.testng.reporters.JUnitReportReporter -->
<testsuite skipped="0" hostname="ULTRA" name="Practice.TestNGTest" tests="1" failures="0" timestamp="2023-01-19T20:54:43 IST" time="0.011" errors="0">
  <testcase name="m1" time="0.011" classname="Practice.TestNGTest"/>
  <system-out/>
</testsuite> <!-- Practice.TestNGTest -->
