<?xml version="1.0" encoding="UTF-8"?>
<!-- Generated by org.testng.reporters.JUnitReportReporter -->
<testsuite skipped="0" hostname="ULTRA" name="TestNG.Test3Invocationount" tests="4" failures="0" timestamp="2023-01-23T20:37:24 IST" time="0.017" errors="0">
  <testcase name="create" time="0.002" classname="TestNG.Test3Invocationount"/>
  <system-out/>
  <testcase name="create" time="0.009" classname="TestNG.Test3Invocationount"/>
  <system-out/>
  <testcase name="modify" time="0.000" classname="TestNG.Test3Invocationount"/>
  <system-out/>
  <testcase name="delete" time="0.006" classname="TestNG.Test3Invocationount"/>
  <system-out/>
</testsuite> <!-- TestNG.Test3Invocationount -->
