<?xml version="1.0" encoding="UTF-8"?>
<!-- Generated by org.testng.reporters.JUnitReportReporter -->
<testsuite skipped="0" hostname="ULTRA" name="TestNG.Test1" tests="3" failures="0" timestamp="2023-01-20T20:17:01 IST" time="0.018" errors="0">
  <testcase name="create" time="0.010" classname="TestNG.Test1"/>
  <system-out/>
  <testcase name="delete" time="0.001" classname="TestNG.Test1"/>
  <system-out/>
  <testcase name="modify" time="0.007" classname="TestNG.Test1"/>
  <system-out/>
</testsuite> <!-- TestNG.Test1 -->
