<?xml version="1.0" encoding="UTF-8"?>
<!-- Generated by org.testng.reporters.JUnitReportReporter -->
<testsuite skipped="0" hostname="ULTRA" name="Practice.SoftAssertTest" tests="1" failures="0" timestamp="2023-01-26T20:38:35 IST" time="0.015" errors="0">
  <testcase name="createContact" time="0.015" classname="Practice.SoftAssertTest"/>
  <system-out/>
</testsuite> <!-- Practice.SoftAssertTest -->
